<?xml version="1.0" encoding="UTF-8"?>
<!-- Generated by org.testng.reporters.JUnitReportReporter -->
<testsuite hostname="Cydeo-031-L" failures="0" tests="1" name="test.BrokersTest" time="4.813" errors="0" timestamp="2024-06-18T17:02:22 CEST" skipped="0">
  <testcase classname="test.BrokersTest" name="testingBrokers" time="4.813"/>
  <system-out/>
</testsuite> <!-- test.BrokersTest -->
