<?xml version="1.0" encoding="UTF-8"?>
<!-- Generated by org.testng.reporters.JUnitReportReporter -->
<testsuite hostname="Cydeo-031-L" failures="0" tests="1" name="test.BrokersTest" time="5.401" errors="0" timestamp="2024-06-18T16:25:43 CEST" skipped="0">
  <testcase classname="test.BrokersTest" name="testingBrokers" time="5.401"/>
  <system-out/>
</testsuite> <!-- test.BrokersTest -->
